<?xml version="1.0" encoding="UTF-8"?>
<!-- Generated by org.testng.reporters.JUnitReportReporter -->
<testsuite skipped="0" hostname="mohits-MacBook-Pro.local" name="com.quasio.ArrayAssert" tests="1" failures="0" timestamp="02 May 2017 10:48:04 GMT" time="0.321" errors="0">
  <testcase name="f1" time="0.321" classname="com.quasio.ArrayAssert"/>
</testsuite> <!-- com.quasio.ArrayAssert -->
