<?xml version="1.0" encoding="UTF-8"?>
<!-- Generated by org.testng.reporters.JUnitReportReporter -->
<testsuite skipped="0" hostname="mohits-MacBook-Pro.local" name="com.quasio.ParametrisedTestUsingDaataProvider" tests="8" failures="0" timestamp="02 May 2017 10:53:36 GMT" time="24.930" errors="0">
  <testcase name="f1" time="3.270" classname="com.quasio.ParametrisedTestUsingDaataProvider"/>
  <testcase name="f3" time="3.238" classname="com.quasio.ParametrisedTestUsingDaataProvider"/>
  <testcase name="f3" time="3.028" classname="com.quasio.ParametrisedTestUsingDaataProvider"/>
  <testcase name="f2" time="3.211" classname="com.quasio.ParametrisedTestUsingDaataProvider"/>
  <testcase name="f1" time="3.055" classname="com.quasio.ParametrisedTestUsingDaataProvider"/>
  <testcase name="f2" time="3.026" classname="com.quasio.ParametrisedTestUsingDaataProvider"/>
  <testcase name="f3" time="3.062" classname="com.quasio.ParametrisedTestUsingDaataProvider"/>
  <testcase name="f1" time="3.040" classname="com.quasio.ParametrisedTestUsingDaataProvider"/>
</testsuite> <!-- com.quasio.ParametrisedTestUsingDaataProvider -->
