<?xml version="1.0" encoding="UTF-8"?>
<!-- Generated by org.testng.reporters.JUnitReportReporter -->
<testsuite skipped="2" hostname="mohits-MacBook-Pro.local" name="com.quasio.TestSkippingAndPriority" tests="2" failures="0" timestamp="02 May 2017 10:48:09 GMT" time="0.238" errors="0">
  <testcase name="testTestNg1" time="0.238" classname="com.quasio.TestSkippingAndPriority">
    <skipped/>
  </testcase> <!-- testTestNg1 -->
  <testcase name="testTestNg0" time="0.000" classname="com.quasio.TestSkippingAndPriority">
    <skipped/>
  </testcase> <!-- testTestNg0 -->
</testsuite> <!-- com.quasio.TestSkippingAndPriority -->
