<?xml version="1.0" encoding="UTF-8"?>
<!-- Generated by org.testng.reporters.JUnitReportReporter -->
<testsuite skipped="0" hostname="mohits-MacBook-Pro.local" name="com.quasio.SoftAssertTryial" tests="1" failures="0" timestamp="02 May 2017 10:48:14 GMT" time="0.284" errors="0">
  <testcase name="trySoftAssert1" time="0.284" classname="com.quasio.SoftAssertTryial"/>
</testsuite> <!-- com.quasio.SoftAssertTryial -->
