<?xml version="1.0" encoding="UTF-8"?>
<!-- Generated by org.testng.reporters.JUnitReportReporter -->
<testsuite hostname="Mohits-MacBook-Pro.local" name="com.testNg.BeforeAfterAnnotationExample" tests="2" failures="0" timestamp="27 Aug 2017 17:25:16 GMT" time="0.000" errors="0">
  <testcase name="f" time="0.000" classname="com.testNg.BeforeAfterAnnotationExample"/>
  <testcase name="f1" time="0.000" classname="com.testNg.BeforeAfterAnnotationExample"/>
</testsuite> <!-- com.testNg.BeforeAfterAnnotationExample -->
