<?xml version="1.0" encoding="UTF-8"?>
<!-- Generated by org.testng.reporters.JUnitReportReporter -->
<testsuite hostname="Mohits-MacBook-Pro.local" name="com.testNg.ParametrisedTestUsingDaataProvider" tests="8" failures="0" timestamp="27 Aug 2017 17:25:06 GMT" time="0.001" errors="0">
  <testcase name="f3" time="0.000" classname="com.testNg.ParametrisedTestUsingDaataProvider"/>
  <testcase name="f2" time="0.000" classname="com.testNg.ParametrisedTestUsingDaataProvider"/>
  <testcase name="f1" time="0.000" classname="com.testNg.ParametrisedTestUsingDaataProvider"/>
  <testcase name="f2" time="0.000" classname="com.testNg.ParametrisedTestUsingDaataProvider"/>
  <testcase name="f3" time="0.001" classname="com.testNg.ParametrisedTestUsingDaataProvider"/>
  <testcase name="f3" time="0.000" classname="com.testNg.ParametrisedTestUsingDaataProvider"/>
  <testcase name="f1" time="0.000" classname="com.testNg.ParametrisedTestUsingDaataProvider"/>
  <testcase name="f1" time="0.000" classname="com.testNg.ParametrisedTestUsingDaataProvider"/>
</testsuite> <!-- com.testNg.ParametrisedTestUsingDaataProvider -->
