<?xml version="1.0" encoding="UTF-8"?>
<!-- Generated by org.testng.reporters.JUnitReportReporter -->
<testsuite hostname="Mohits-MacBook-Pro.local" name="com.testNg.ArrayAssert" tests="1" failures="0" timestamp="27 Aug 2017 17:25:41 GMT" time="0.009" errors="0">
  <testcase name="f1" time="0.009" classname="com.testNg.ArrayAssert"/>
</testsuite> <!-- com.testNg.ArrayAssert -->
