<?xml version="1.0" encoding="UTF-8"?>
<!-- Generated by org.testng.reporters.JUnitReportReporter -->
<testsuite skipped="0" hostname="Mohits-MacBook-Pro.local" name="com.testNg.BeforeAfterAnnotationExample" tests="2" failures="0" timestamp="01 Jan 2018 16:37:33 GMT" time="0.008" errors="0">
  <testcase name="f" time="0.007" classname="com.testNg.BeforeAfterAnnotationExample"/>
  <testcase name="f1" time="0.001" classname="com.testNg.BeforeAfterAnnotationExample"/>
</testsuite> <!-- com.testNg.BeforeAfterAnnotationExample -->
