<?xml version="1.0" encoding="UTF-8"?>
<!-- Generated by org.testng.reporters.JUnitReportReporter -->
<testsuite hostname="Mohits-MacBook-Pro.local" name="utils.SmsEmailNotification" tests="1" failures="0" timestamp="27 Aug 2017 17:26:14 GMT" time="16.256" errors="0">
  <testcase name="sendEmail" time="16.256" classname="utils.SmsEmailNotification"/>
</testsuite> <!-- utils.SmsEmailNotification -->
